2014/02/24 19:06:16 Starting cygwin install, version 2.831
2014/02/24 19:06:16 User has backup/restore rights
2014/02/24 19:06:16 io_stream_cygfile: fopen(/etc/setup/setup.rc) failed 2 No such file or directory
2014/02/24 19:06:16 Current Directory: C:\Users\michalliu\Desktop
2014/02/24 19:06:16 Could not open service McShield for query, start and stop. McAfee may not be installed, or we don't have access.
2014/02/24 19:06:19 source: network install
2014/02/24 19:06:27 root: R:\cygwin64 binary system
2014/02/24 19:06:47 Selected local directory: F:\Data\Cygwin
2014/02/24 19:06:59 net: Proxy
2014/02/24 19:07:13 site: http://mirrors.ustc.edu.cn/cygwin/
2014/02/24 19:07:13 io_stream_cygfile: fopen(/etc/setup/installed.db) failed 2 No such file or directory
2014/02/24 19:07:14 io_stream_cygfile: fopen(/etc/setup/timestamp) failed 2 No such file or directory
2014/02/24 19:08:38 Adding required dependency bzip2: Selecting version 1.0.6-2 for installation.
2014/02/24 19:08:38 Adding required dependency ca-certificates: Selecting version 1.96-3 for installation.
2014/02/24 19:08:38 Adding required dependency groff: Selecting version 1.22.2-2 for installation.
2014/02/24 19:08:38 Adding required dependency less: Selecting version 458-1 for installation.
2014/02/24 19:08:38 Adding required dependency libargp: Selecting version 20110921-2 for installation.
2014/02/24 19:08:38 Adding required dependency libattr1: Selecting version 2.4.46-1 for installation.
2014/02/24 19:08:38 Adding required dependency libbz2_1: Selecting version 1.0.6-2 for installation.
2014/02/24 19:08:38 Adding required dependency libgcc1: Selecting version 4.8.2-3 for installation.
2014/02/24 19:08:38 Adding required dependency libgmp10: Selecting version 5.1.3-1 for installation.
2014/02/24 19:08:38 Adding required dependency libiconv2: Selecting version 1.14-1 for installation.
2014/02/24 19:08:38 Adding required dependency libintl8: Selecting version 0.18.1.1-3 for installation.
2014/02/24 19:08:38 Adding required dependency liblzma5: Selecting version 5.0.4-1 for installation.
2014/02/24 19:08:38 Adding required dependency libmpfr4: Selecting version 3.1.2-1 for installation.
2014/02/24 19:08:38 Adding required dependency libncursesw10: Selecting version 5.9-4 for installation.
2014/02/24 19:08:38 Adding required dependency libopenssl100: Selecting version 1.0.1f-3 for installation.
2014/02/24 19:08:38 Adding required dependency libp11-kit0: Selecting version 0.18.7-2 for installation.
2014/02/24 19:08:38 Adding required dependency libpcre1: Selecting version 8.33-1 for installation.
2014/02/24 19:08:38 Adding required dependency libpopt0: Selecting version 1.16-1 for installation.
2014/02/24 19:08:38 Adding required dependency libreadline7: Selecting version 6.2-1 for installation.
2014/02/24 19:08:38 Adding required dependency libstdc++6: Selecting version 4.8.2-3 for installation.
2014/02/24 19:08:38 Adding required dependency libtasn1_6: Selecting version 3.3-1 for installation.
2014/02/24 19:08:38 Adding required dependency p11-kit: Selecting version 0.18.7-2 for installation.
2014/02/24 19:08:38 Adding required dependency p11-kit-trust: Selecting version 0.18.7-2 for installation.
2014/02/24 19:08:38 Adding required dependency popt: Selecting version 1.16-1 for installation.
2014/02/24 19:08:38 Adding required dependency tcl: Selecting version 8.5.11-1 for installation.
2014/02/24 19:08:38 Adding required dependency terminfo: Selecting version 5.9-4 for installation.
2014/02/24 19:08:38 Adding required dependency xz: Selecting version 5.0.4-1 for installation.
2014/02/24 19:08:38 Downloaded F:\Data\Cygwin/http%3a%2f%2fmirrors.ustc.edu.cn%2fcygwin%2f/x86_64/release/corkscrew/corkscrew-2.0-1.tar.bz2
2014/02/24 19:08:38 Downloaded F:\Data\Cygwin/http%3a%2f%2fmirrors.ustc.edu.cn%2fcygwin%2f/x86_64/release/ncurses/ncurses-5.9-4.tar.bz2
2014/02/24 19:08:40 Extracting from file://F:\Data\Cygwin/http%3a%2f%2fmirrors.ustc.edu.cn%2fcygwin%2f/x86_64/release/alternatives/alternatives-1.3.30c-10.tar.bz2
2014/02/24 19:08:41 Extracting from file://F:\Data\Cygwin/http%3a%2f%2fmirrors.ustc.edu.cn%2fcygwin%2f/x86_64/release/base-cygwin/base-cygwin-3.3-1.tar.bz2
2014/02/24 19:08:41 Extracting from file://F:\Data\Cygwin/http%3a%2f%2fmirrors.ustc.edu.cn%2fcygwin%2f/x86_64/release/base-files/base-files-4.1-1.tar.bz2
2014/02/24 19:08:41 Extracting from file://F:\Data\Cygwin/http%3a%2f%2fmirrors.ustc.edu.cn%2fcygwin%2f/x86_64/release/bash/bash-4.1.11-2.tar.bz2
2014/02/24 19:08:42 Extracting from file://F:\Data\Cygwin/http%3a%2f%2fmirrors.ustc.edu.cn%2fcygwin%2f/x86_64/release/bzip2/bzip2-1.0.6-2.tar.bz2
2014/02/24 19:08:42 Extracting from file://F:\Data\Cygwin/http%3a%2f%2fmirrors.ustc.edu.cn%2fcygwin%2f/x86_64/release/ca-certificates/ca-certificates-1.96-3.tar.xz
2014/02/24 19:08:42 Extracting from file://F:\Data\Cygwin/http%3a%2f%2fmirrors.ustc.edu.cn%2fcygwin%2f/x86_64/release/coreutils/coreutils-8.15-3.tar.bz2
2014/02/24 19:08:46 Extracting from file://F:\Data\Cygwin/http%3a%2f%2fmirrors.ustc.edu.cn%2fcygwin%2f/x86_64/release/corkscrew/corkscrew-2.0-1.tar.bz2
2014/02/24 19:08:46 Extracting from file://F:\Data\Cygwin/http%3a%2f%2fmirrors.ustc.edu.cn%2fcygwin%2f/x86_64/release/cygutils/cygutils-1.4.14-1.tar.bz2
2014/02/24 19:08:46 Extracting from file://F:\Data\Cygwin/http%3a%2f%2fmirrors.ustc.edu.cn%2fcygwin%2f/x86_64/release/cygwin/cygwin-1.7.28-2.tar.xz
2014/02/24 19:08:47 Extracting from file://F:\Data\Cygwin/http%3a%2f%2fmirrors.ustc.edu.cn%2fcygwin%2f/x86_64/release/dash/dash-0.5.7-4.tar.bz2
2014/02/24 19:08:48 Extracting from file://F:\Data\Cygwin/http%3a%2f%2fmirrors.ustc.edu.cn%2fcygwin%2f/x86_64/release/editrights/editrights-1.02-1.tar.bz2
2014/02/24 19:08:48 Extracting from file://F:\Data\Cygwin/http%3a%2f%2fmirrors.ustc.edu.cn%2fcygwin%2f/x86_64/release/expect/expect-5.45-2.tar.bz2
2014/02/24 19:08:48 Extracting from file://F:\Data\Cygwin/http%3a%2f%2fmirrors.ustc.edu.cn%2fcygwin%2f/x86_64/release/file/file-5.13-1.tar.bz2
2014/02/24 19:08:48 Extracting from file://F:\Data\Cygwin/http%3a%2f%2fmirrors.ustc.edu.cn%2fcygwin%2f/x86_64/release/findutils/findutils-4.5.11-1.tar.bz2
2014/02/24 19:08:49 Extracting from file://F:\Data\Cygwin/http%3a%2f%2fmirrors.ustc.edu.cn%2fcygwin%2f/x86_64/release/gawk/gawk-4.1.0-1.tar.bz2
2014/02/24 19:08:49 Extracting from file://F:\Data\Cygwin/http%3a%2f%2fmirrors.ustc.edu.cn%2fcygwin%2f/x86_64/release/getent/getent-2.18.90-1.tar.xz
2014/02/24 19:08:49 Extracting from file://F:\Data\Cygwin/http%3a%2f%2fmirrors.ustc.edu.cn%2fcygwin%2f/x86_64/release/grep/grep-2.16-1.tar.xz
2014/02/24 19:08:50 Extracting from file://F:\Data\Cygwin/http%3a%2f%2fmirrors.ustc.edu.cn%2fcygwin%2f/x86_64/release/groff/groff-1.22.2-2.tar.xz
2014/02/24 19:08:54 Extracting from file://F:\Data\Cygwin/http%3a%2f%2fmirrors.ustc.edu.cn%2fcygwin%2f/x86_64/release/gzip/gzip-1.4-1.tar.bz2
2014/02/24 19:08:54 Extracting from file://F:\Data\Cygwin/http%3a%2f%2fmirrors.ustc.edu.cn%2fcygwin%2f/x86_64/release/hostname/hostname-3.13-1.tar.bz2
2014/02/24 19:08:54 Extracting from file://F:\Data\Cygwin/http%3a%2f%2fmirrors.ustc.edu.cn%2fcygwin%2f/x86_64/release/ipc-utils/ipc-utils-1.0-2.tar.bz2
2014/02/24 19:08:54 Extracting from file://F:\Data\Cygwin/http%3a%2f%2fmirrors.ustc.edu.cn%2fcygwin%2f/x86_64/release/less/less-458-1.tar.bz2
2014/02/24 19:08:55 Extracting from file://F:\Data\Cygwin/http%3a%2f%2fmirrors.ustc.edu.cn%2fcygwin%2f/x86_64/release/libargp/libargp-20110921-2.tar.bz2
2014/02/24 19:08:55 Extracting from file://F:\Data\Cygwin/http%3a%2f%2fmirrors.ustc.edu.cn%2fcygwin%2f/x86_64/release/attr/libattr1/libattr1-2.4.46-1.tar.bz2
2014/02/24 19:08:55 Extracting from file://F:\Data\Cygwin/http%3a%2f%2fmirrors.ustc.edu.cn%2fcygwin%2f/x86_64/release/bzip2/libbz2_1/libbz2_1-1.0.6-2.tar.bz2
2014/02/24 19:08:55 Extracting from file://F:\Data\Cygwin/http%3a%2f%2fmirrors.ustc.edu.cn%2fcygwin%2f/x86_64/release/gcc/libgcc1/libgcc1-4.8.2-3.tar.xz
2014/02/24 19:08:55 Extracting from file://F:\Data\Cygwin/http%3a%2f%2fmirrors.ustc.edu.cn%2fcygwin%2f/x86_64/release/gmp/libgmp10/libgmp10-5.1.3-1.tar.xz
2014/02/24 19:08:55 Extracting from file://F:\Data\Cygwin/http%3a%2f%2fmirrors.ustc.edu.cn%2fcygwin%2f/x86_64/release/libiconv/libiconv2/libiconv2-1.14-1.tar.bz2
2014/02/24 19:08:55 Extracting from file://F:\Data\Cygwin/http%3a%2f%2fmirrors.ustc.edu.cn%2fcygwin%2f/x86_64/release/gettext/libintl8/libintl8-0.18.1.1-3.tar.bz2
2014/02/24 19:08:55 Extracting from file://F:\Data\Cygwin/http%3a%2f%2fmirrors.ustc.edu.cn%2fcygwin%2f/x86_64/release/xz/liblzma5/liblzma5-5.0.4-1.tar.bz2
2014/02/24 19:08:55 Extracting from file://F:\Data\Cygwin/http%3a%2f%2fmirrors.ustc.edu.cn%2fcygwin%2f/x86_64/release/mpfr/libmpfr4/libmpfr4-3.1.2-1.tar.bz2
2014/02/24 19:08:55 Extracting from file://F:\Data\Cygwin/http%3a%2f%2fmirrors.ustc.edu.cn%2fcygwin%2f/x86_64/release/ncurses/libncursesw10/libncursesw10-5.9-4.tar.bz2
2014/02/24 19:08:55 Extracting from file://F:\Data\Cygwin/http%3a%2f%2fmirrors.ustc.edu.cn%2fcygwin%2f/x86_64/release/openssl/libopenssl100/libopenssl100-1.0.1f-3.tar.xz
2014/02/24 19:08:55 Extracting from file://F:\Data\Cygwin/http%3a%2f%2fmirrors.ustc.edu.cn%2fcygwin%2f/x86_64/release/p11-kit/libp11-kit0/libp11-kit0-0.18.7-2.tar.xz
2014/02/24 19:08:55 Extracting from file://F:\Data\Cygwin/http%3a%2f%2fmirrors.ustc.edu.cn%2fcygwin%2f/x86_64/release/pcre/libpcre1/libpcre1-8.33-1.tar.bz2
2014/02/24 19:08:55 Extracting from file://F:\Data\Cygwin/http%3a%2f%2fmirrors.ustc.edu.cn%2fcygwin%2f/x86_64/release/readline/libreadline7/libreadline7-6.2-1.tar.bz2
2014/02/24 19:08:55 Extracting from file://F:\Data\Cygwin/http%3a%2f%2fmirrors.ustc.edu.cn%2fcygwin%2f/x86_64/release/gcc/libstdc++6/libstdc++6-4.8.2-3.tar.xz
2014/02/24 19:08:55 Extracting from file://F:\Data\Cygwin/http%3a%2f%2fmirrors.ustc.edu.cn%2fcygwin%2f/x86_64/release/libtasn1/libtasn1_6/libtasn1_6-3.3-1.tar.bz2
2014/02/24 19:08:55 Extracting from file://F:\Data\Cygwin/http%3a%2f%2fmirrors.ustc.edu.cn%2fcygwin%2f/x86_64/release/login/login-1.10-10.tar.bz2
2014/02/24 19:08:56 Extracting from file://F:\Data\Cygwin/http%3a%2f%2fmirrors.ustc.edu.cn%2fcygwin%2f/x86_64/release/man/man-1.6g-2.tar.bz2
2014/02/24 19:08:56 Extracting from file://F:\Data\Cygwin/http%3a%2f%2fmirrors.ustc.edu.cn%2fcygwin%2f/x86_64/release/mintty/mintty-1.2-beta1-1.tar.bz2
2014/02/24 19:08:56 Extracting from file://F:\Data\Cygwin/http%3a%2f%2fmirrors.ustc.edu.cn%2fcygwin%2f/x86_64/release/ncurses/ncurses-5.9-4.tar.bz2
2014/02/24 19:08:56 Extracting from file://F:\Data\Cygwin/http%3a%2f%2fmirrors.ustc.edu.cn%2fcygwin%2f/x86_64/release/p11-kit/p11-kit-0.18.7-2.tar.xz
2014/02/24 19:08:56 Extracting from file://F:\Data\Cygwin/http%3a%2f%2fmirrors.ustc.edu.cn%2fcygwin%2f/x86_64/release/p11-kit/p11-kit-trust/p11-kit-trust-0.18.7-2.tar.xz
2014/02/24 19:08:56 Extracting from file://F:\Data\Cygwin/http%3a%2f%2fmirrors.ustc.edu.cn%2fcygwin%2f/x86_64/release/popt/popt-1.16-1.tar.xz
2014/02/24 19:08:57 Extracting from file://F:\Data\Cygwin/http%3a%2f%2fmirrors.ustc.edu.cn%2fcygwin%2f/x86_64/release/rebase/rebase-4.4.1-1.tar.bz2
2014/02/24 19:08:57 Extracting from file://F:\Data\Cygwin/http%3a%2f%2fmirrors.ustc.edu.cn%2fcygwin%2f/x86_64/release/rsync/rsync-3.0.9-1.tar.bz2
2014/02/24 19:08:57 Extracting from file://F:\Data\Cygwin/http%3a%2f%2fmirrors.ustc.edu.cn%2fcygwin%2f/x86_64/release/run/run-1.3.0-1.tar.bz2
2014/02/24 19:08:57 Extracting from file://F:\Data\Cygwin/http%3a%2f%2fmirrors.ustc.edu.cn%2fcygwin%2f/x86_64/release/sed/sed-4.2.2-3.tar.bz2
2014/02/24 19:08:58 Extracting from file://F:\Data\Cygwin/http%3a%2f%2fmirrors.ustc.edu.cn%2fcygwin%2f/x86_64/release/tar/tar-1.26-1.tar.bz2
2014/02/24 19:08:58 Extracting from file://F:\Data\Cygwin/http%3a%2f%2fmirrors.ustc.edu.cn%2fcygwin%2f/x86_64/release/tcl/tcl-8.5.11-1.tar.bz2
2014/02/24 19:09:03 Extracting from file://F:\Data\Cygwin/http%3a%2f%2fmirrors.ustc.edu.cn%2fcygwin%2f/x86_64/release/ncurses/terminfo/terminfo-5.9-4.tar.bz2
2014/02/24 19:09:14 Extracting from file://F:\Data\Cygwin/http%3a%2f%2fmirrors.ustc.edu.cn%2fcygwin%2f/x86_64/release/tzcode/tzcode-2013c-1.tar.bz2
2014/02/24 19:09:21 Extracting from file://F:\Data\Cygwin/http%3a%2f%2fmirrors.ustc.edu.cn%2fcygwin%2f/x86_64/release/vim/vim-minimal/vim-minimal-7.4.182-1.tar.xz
2014/02/24 19:09:21 Extracting from file://F:\Data\Cygwin/http%3a%2f%2fmirrors.ustc.edu.cn%2fcygwin%2f/x86_64/release/wget/wget-1.13.4-1.tar.bz2
2014/02/24 19:09:22 Extracting from file://F:\Data\Cygwin/http%3a%2f%2fmirrors.ustc.edu.cn%2fcygwin%2f/x86_64/release/which/which-2.20-2.tar.bz2
2014/02/24 19:09:22 Extracting from file://F:\Data\Cygwin/http%3a%2f%2fmirrors.ustc.edu.cn%2fcygwin%2f/x86_64/release/xz/xz-5.0.4-1.tar.bz2
2014/02/24 19:09:22 Extracting from file://F:\Data\Cygwin/http%3a%2f%2fmirrors.ustc.edu.cn%2fcygwin%2f/x86_64/release/zlib/zlib0/zlib0-1.2.8-1.tar.bz2
2014/02/24 19:09:22 Changing gid back to original
2014/02/24 19:09:22 running: R:\cygwin64\bin\bash.exe --norc --noprofile "/etc/postinstall/000-cygwin-post-install.sh"
2014/02/24 19:09:23 running: R:\cygwin64\bin\bash.exe --norc --noprofile "/etc/postinstall/coreutils.sh"
2014/02/24 19:09:23 running: R:\cygwin64\bin\bash.exe --norc --noprofile "/etc/postinstall/bash.sh"
2014/02/24 19:09:23 running: R:\cygwin64\bin\bash.exe --norc --noprofile "/etc/postinstall/base-files-profile.sh"
2014/02/24 19:09:24 running: R:\cygwin64\bin\bash.exe --norc --noprofile "/etc/postinstall/base-files-mketc.sh"
2014/02/24 19:09:25 running: R:\cygwin64\bin\bash.exe --norc --noprofile "/etc/postinstall/ca-certificates.sh"
2014/02/24 19:09:28 running: R:\cygwin64\bin\bash.exe --norc --noprofile "/etc/postinstall/man.sh"
2014/02/24 19:09:28 running: R:\cygwin64\bin\bash.exe --norc --noprofile "/etc/postinstall/wget.sh"
2014/02/24 19:09:28 Changing gid to Administrators
2014/02/24 19:10:17 note: Installation Complete
2014/02/24 19:10:17 Ending cygwin install
2014/02/24 19:15:46 Starting cygwin install, version 2.831
2014/02/24 19:15:46 User has backup/restore rights
2014/02/24 19:15:46 Current Directory: F:\Data\Cygwin
2014/02/24 19:15:46 Could not open service McShield for query, start and stop. McAfee may not be installed, or we don't have access.
2014/02/24 19:15:50 source: network install
2014/02/24 19:15:50 root: R:\cygwin64 binary system
2014/02/24 19:15:51 Selected local directory: F:\Data\Cygwin
2014/02/24 19:15:52 net: Proxy
2014/02/24 19:15:58 site: http://mirrors.ustc.edu.cn/cygwin/
2014/02/24 19:16:50 Adding required dependency csih: Selecting version 0.9.7-1 for installation.
2014/02/24 19:16:50 Adding required dependency cygrunsrv: Selecting version 1.50-1 for installation.
2014/02/24 19:16:50 Adding required dependency diffutils: Selecting version 3.3-1 for installation.
2014/02/24 19:16:50 Adding required dependency libasn1_8: Selecting version 1.5.2-4 for installation.
2014/02/24 19:16:50 Adding required dependency libcom_err2: Selecting version 1.42.7-1 for installation.
2014/02/24 19:16:50 Adding required dependency libcrypt0: Selecting version 1.1-1 for installation.
2014/02/24 19:16:50 Adding required dependency libedit0: Selecting version 20130712-1 for installation.
2014/02/24 19:16:50 Adding required dependency libgssapi3: Selecting version 1.5.2-4 for installation.
2014/02/24 19:16:50 Adding required dependency libheimbase1: Selecting version 1.5.2-4 for installation.
2014/02/24 19:16:50 Adding required dependency libheimntlm0: Selecting version 1.5.2-4 for installation.
2014/02/24 19:16:50 Adding required dependency libhx509_5: Selecting version 1.5.2-4 for installation.
2014/02/24 19:16:50 Adding required dependency libkafs0: Selecting version 1.5.2-4 for installation.
2014/02/24 19:16:50 Adding required dependency libkrb5_26: Selecting version 1.5.2-4 for installation.
2014/02/24 19:16:50 Adding required dependency libroken18: Selecting version 1.5.2-4 for installation.
2014/02/24 19:16:50 Adding required dependency libsqlite3_0: Selecting version 3.8.3.1-1 for installation.
2014/02/24 19:16:50 Adding required dependency libssp0: Selecting version 4.8.2-3 for installation.
2014/02/24 19:16:50 Adding required dependency libwind0: Selecting version 1.5.2-4 for installation.
2014/02/24 19:16:50 Adding required dependency libwrap0: Selecting version 7.6-22 for installation.
2014/02/24 19:16:50 Downloaded F:\Data\Cygwin/http%3a%2f%2fmirrors.ustc.edu.cn%2fcygwin%2f/x86_64/release/dos2unix/dos2unix-6.0.4-1.tar.xz
2014/02/24 19:16:51 Extracting from file://F:\Data\Cygwin/http%3a%2f%2fmirrors.ustc.edu.cn%2fcygwin%2f/x86_64/release/csih/csih-0.9.7-1.tar.bz2
2014/02/24 19:16:51 Extracting from file://F:\Data\Cygwin/http%3a%2f%2fmirrors.ustc.edu.cn%2fcygwin%2f/x86_64/release/cygrunsrv/cygrunsrv-1.50-1.tar.xz
2014/02/24 19:16:51 Extracting from file://F:\Data\Cygwin/http%3a%2f%2fmirrors.ustc.edu.cn%2fcygwin%2f/x86_64/release/diffutils/diffutils-3.3-1.tar.bz2
2014/02/24 19:16:52 Extracting from file://F:\Data\Cygwin/http%3a%2f%2fmirrors.ustc.edu.cn%2fcygwin%2f/x86_64/release/dos2unix/dos2unix-6.0.4-1.tar.xz
2014/02/24 19:16:52 Extracting from file://F:\Data\Cygwin/http%3a%2f%2fmirrors.ustc.edu.cn%2fcygwin%2f/x86_64/release/heimdal/libasn1_8/libasn1_8-1.5.2-4.tar.bz2
2014/02/24 19:16:52 Extracting from file://F:\Data\Cygwin/http%3a%2f%2fmirrors.ustc.edu.cn%2fcygwin%2f/x86_64/release/e2fsprogs/libcom_err2/libcom_err2-1.42.7-1.tar.bz2
2014/02/24 19:16:52 Extracting from file://F:\Data\Cygwin/http%3a%2f%2fmirrors.ustc.edu.cn%2fcygwin%2f/x86_64/release/crypt/libcrypt0/libcrypt0-1.1-1.tar.bz2
2014/02/24 19:16:52 Extracting from file://F:\Data\Cygwin/http%3a%2f%2fmirrors.ustc.edu.cn%2fcygwin%2f/x86_64/release/libedit/libedit0/libedit0-20130712-1.tar.xz
2014/02/24 19:16:52 Extracting from file://F:\Data\Cygwin/http%3a%2f%2fmirrors.ustc.edu.cn%2fcygwin%2f/x86_64/release/heimdal/libgssapi3/libgssapi3-1.5.2-4.tar.bz2
2014/02/24 19:16:52 Extracting from file://F:\Data\Cygwin/http%3a%2f%2fmirrors.ustc.edu.cn%2fcygwin%2f/x86_64/release/heimdal/libheimbase1/libheimbase1-1.5.2-4.tar.bz2
2014/02/24 19:16:52 Extracting from file://F:\Data\Cygwin/http%3a%2f%2fmirrors.ustc.edu.cn%2fcygwin%2f/x86_64/release/heimdal/libheimntlm0/libheimntlm0-1.5.2-4.tar.bz2
2014/02/24 19:16:52 Extracting from file://F:\Data\Cygwin/http%3a%2f%2fmirrors.ustc.edu.cn%2fcygwin%2f/x86_64/release/heimdal/libhx509_5/libhx509_5-1.5.2-4.tar.bz2
2014/02/24 19:16:52 Extracting from file://F:\Data\Cygwin/http%3a%2f%2fmirrors.ustc.edu.cn%2fcygwin%2f/x86_64/release/heimdal/libkafs0/libkafs0-1.5.2-4.tar.bz2
2014/02/24 19:16:53 Extracting from file://F:\Data\Cygwin/http%3a%2f%2fmirrors.ustc.edu.cn%2fcygwin%2f/x86_64/release/heimdal/libkrb5_26/libkrb5_26-1.5.2-4.tar.bz2
2014/02/24 19:16:53 Extracting from file://F:\Data\Cygwin/http%3a%2f%2fmirrors.ustc.edu.cn%2fcygwin%2f/x86_64/release/heimdal/libroken18/libroken18-1.5.2-4.tar.bz2
2014/02/24 19:16:53 Extracting from file://F:\Data\Cygwin/http%3a%2f%2fmirrors.ustc.edu.cn%2fcygwin%2f/x86_64/release/sqlite3/libsqlite3_0/libsqlite3_0-3.8.3.1-1.tar.xz
2014/02/24 19:16:53 Extracting from file://F:\Data\Cygwin/http%3a%2f%2fmirrors.ustc.edu.cn%2fcygwin%2f/x86_64/release/gcc/libssp0/libssp0-4.8.2-3.tar.xz
2014/02/24 19:16:53 Extracting from file://F:\Data\Cygwin/http%3a%2f%2fmirrors.ustc.edu.cn%2fcygwin%2f/x86_64/release/heimdal/libwind0/libwind0-1.5.2-4.tar.bz2
2014/02/24 19:16:53 Extracting from file://F:\Data\Cygwin/http%3a%2f%2fmirrors.ustc.edu.cn%2fcygwin%2f/x86_64/release/tcp_wrappers/libwrap0/libwrap0-7.6-22.tar.xz
2014/02/24 19:16:53 Extracting from file://F:\Data\Cygwin/http%3a%2f%2fmirrors.ustc.edu.cn%2fcygwin%2f/x86_64/release/openssh/openssh-6.5p1-1.tar.xz
2014/02/24 19:16:53 Changing gid back to original
2014/02/24 19:16:53 Changing gid to Administrators
2014/02/24 19:16:54 note: Installation Complete
2014/02/24 19:16:54 Ending cygwin install
